2020-08-18 20:58:05 INFO  UserController:27 - Begin controller :findAllUser
2020-08-18 20:58:05 INFO  UserServiceImp:42 - Begin service :getAllUser
2020-08-18 20:58:06 INFO  UserServiceImp:48 - End service :getAllUser
2020-08-18 20:58:06 INFO  UserController:39 - End controller :findAllUser
2020-08-18 21:31:05 INFO  UserController:26 - Begin controller :findAllUser
2020-08-18 21:31:05 INFO  UserServiceImp:43 - Begin service :getAllUser
2020-08-18 21:31:05 INFO  UserServiceImp:49 - End service :getAllUser
2020-08-18 21:31:05 INFO  UserController:38 - End controller :findAllUser
2020-08-18 21:31:21 INFO  UserController:80 - Begin controller :disableUser
2020-08-18 21:31:21 INFO  UserServiceImp:107 - Begin service :disableUser
2020-08-18 21:31:21 INFO  UserServiceImp:120 - End service :disableUser
2020-08-18 21:31:21 INFO  UserController:92 - End controller :disableUser
2020-08-18 21:31:50 INFO  UserController:26 - Begin controller :findAllUser
2020-08-18 21:31:50 INFO  UserServiceImp:43 - Begin service :getAllUser
2020-08-18 21:31:50 INFO  UserServiceImp:49 - End service :getAllUser
2020-08-18 21:31:50 INFO  UserController:38 - End controller :findAllUser
2020-08-18 21:32:02 INFO  UserController:98 - Begin controller :enableUser
2020-08-18 21:32:02 INFO  UserServiceImp:126 - Begin service :enableUser
2020-08-18 21:32:02 INFO  UserServiceImp:139 - End service :enableUser
2020-08-18 21:32:02 INFO  UserController:110 - End controller :enableUser
2020-08-18 21:32:06 INFO  UserController:26 - Begin controller :findAllUser
2020-08-18 21:32:06 INFO  UserServiceImp:43 - Begin service :getAllUser
2020-08-18 21:32:06 INFO  UserServiceImp:49 - End service :getAllUser
2020-08-18 21:32:06 INFO  UserController:38 - End controller :findAllUser
2020-08-18 21:43:43 INFO  UserController:44 - Begin controller :createUser
2020-08-18 21:43:45 INFO  UserServiceImp:55 - Begin service :createUser
2020-08-18 21:43:46 INFO  UserServiceImp:78 - End service :createUser
2020-08-18 21:43:46 INFO  UserController:56 - End controller :createUser
2020-08-18 21:45:27 INFO  UserController:116 - Begin controller :getInfomation
2020-08-18 21:45:27 INFO  UserServiceImp:159 - Begin service :getUserInformation
2020-08-18 21:45:27 INFO  UserServiceImp:171 - End service :getUserInformation
2020-08-18 21:45:27 INFO  UserController:128 - End controller :getInfomation
2020-08-18 21:45:47 INFO  UserController:116 - Begin controller :getInfomation
2020-08-18 21:45:47 INFO  UserServiceImp:159 - Begin service :getUserInformation
2020-08-18 21:45:47 INFO  UserServiceImp:171 - End service :getUserInformation
2020-08-18 21:45:47 INFO  UserController:128 - End controller :getInfomation
2020-08-18 21:46:26 INFO  UserController:26 - Begin controller :findAllUser
2020-08-18 21:46:26 INFO  UserServiceImp:43 - Begin service :getAllUser
2020-08-18 21:46:26 INFO  UserServiceImp:49 - End service :getAllUser
2020-08-18 21:46:26 INFO  UserController:38 - End controller :findAllUser
